2020-04-03 17:25:31.896  INFO 23929 --- [main] com.example.midterm.MidtermApplication   : Starting MidtermApplication on damir-SATELLITE-M840-C1G with PID 23929 (/home/damir/Downloads/midterm/out/production/classes started by damir in /home/damir/Downloads/midterm)
2020-04-03 17:25:31.909  INFO 23929 --- [main] com.example.midterm.MidtermApplication   : No active profile set, falling back to default profiles: default
2020-04-03 17:25:36.149  INFO 23929 --- [main] .s.d.r.c.RepositoryConfigurationDelegate : Bootstrapping Spring Data JPA repositories in DEFAULT mode.
2020-04-03 17:25:36.339  INFO 23929 --- [main] .s.d.r.c.RepositoryConfigurationDelegate : Finished Spring Data repository scanning in 159ms. Found 1 JPA repository interfaces.
2020-04-03 17:25:38.469  INFO 23929 --- [main] o.s.b.w.embedded.tomcat.TomcatWebServer  : Tomcat initialized with port(s): 8080 (http)
2020-04-03 17:25:38.526  INFO 23929 --- [main] o.apache.catalina.core.StandardService   : Starting service [Tomcat]
2020-04-03 17:25:38.526  INFO 23929 --- [main] org.apache.catalina.core.StandardEngine  : Starting Servlet engine: [Apache Tomcat/9.0.33]
2020-04-03 17:25:38.791  INFO 23929 --- [main] o.a.c.c.C.[Tomcat].[localhost].[/]       : Initializing Spring embedded WebApplicationContext
2020-04-03 17:25:38.792  INFO 23929 --- [main] o.s.web.context.ContextLoader            : Root WebApplicationContext: initialization completed in 6523 ms
2020-04-03 17:25:39.422  INFO 23929 --- [main] o.hibernate.jpa.internal.util.LogHelper  : HHH000204: Processing PersistenceUnitInfo [name: default]
2020-04-03 17:25:39.735  INFO 23929 --- [main] org.hibernate.Version                    : HHH000412: Hibernate ORM core version 5.4.12.Final
2020-04-03 17:25:40.124  INFO 23929 --- [main] o.hibernate.annotations.common.Version   : HCANN000001: Hibernate Commons Annotations {5.1.0.Final}
2020-04-03 17:25:40.411  INFO 23929 --- [main] com.zaxxer.hikari.HikariDataSource       : HikariPool-1 - Starting...
2020-04-03 17:25:42.587  INFO 23929 --- [main] com.zaxxer.hikari.HikariDataSource       : HikariPool-1 - Start completed.
2020-04-03 17:25:42.641  INFO 23929 --- [main] org.hibernate.dialect.Dialect            : HHH000400: Using dialect: org.hibernate.dialect.MySQL57Dialect
2020-04-03 17:25:44.924  INFO 23929 --- [main] o.h.e.t.j.p.i.JtaPlatformInitiator       : HHH000490: Using JtaPlatform implementation: [org.hibernate.engine.transaction.jta.platform.internal.NoJtaPlatform]
2020-04-03 17:25:44.934  INFO 23929 --- [main] j.LocalContainerEntityManagerFactoryBean : Initialized JPA EntityManagerFactory for persistence unit 'default'
2020-04-03 17:25:45.456  WARN 23929 --- [main] JpaBaseConfiguration$JpaWebConfiguration : spring.jpa.open-in-view is enabled by default. Therefore, database queries may be performed during view rendering. Explicitly configure spring.jpa.open-in-view to disable this warning
2020-04-03 17:25:45.631  INFO 23929 --- [main] o.s.s.concurrent.ThreadPoolTaskExecutor  : Initializing ExecutorService 'applicationTaskExecutor'
2020-04-03 17:25:45.953  INFO 23929 --- [main] o.s.b.w.embedded.tomcat.TomcatWebServer  : Tomcat started on port(s): 8080 (http) with context path ''
2020-04-03 17:25:45.955  INFO 23929 --- [main] com.example.midterm.MidtermApplication   : Started MidtermApplication in 17.928 seconds (JVM running for 23.462)
2020-04-03 17:25:57.527  INFO 23929 --- [http-nio-8080-exec-1] o.a.c.c.C.[Tomcat].[localhost].[/]       : Initializing Spring DispatcherServlet 'dispatcherServlet'
2020-04-03 17:25:57.527  INFO 23929 --- [http-nio-8080-exec-1] o.s.web.servlet.DispatcherServlet        : Initializing Servlet 'dispatcherServlet'
2020-04-03 17:25:57.541  INFO 23929 --- [http-nio-8080-exec-1] o.s.web.servlet.DispatcherServlet        : Completed initialization in 13 ms
2020-04-03 17:28:07.620  INFO 23929 --- [SpringContextShutdownHook] o.s.s.concurrent.ThreadPoolTaskExecutor  : Shutting down ExecutorService 'applicationTaskExecutor'
2020-04-03 17:28:07.621  INFO 23929 --- [SpringContextShutdownHook] j.LocalContainerEntityManagerFactoryBean : Closing JPA EntityManagerFactory for persistence unit 'default'
2020-04-03 17:28:07.625  INFO 23929 --- [SpringContextShutdownHook] com.zaxxer.hikari.HikariDataSource       : HikariPool-1 - Shutdown initiated...
2020-04-03 17:28:07.658  INFO 23929 --- [SpringContextShutdownHook] com.zaxxer.hikari.HikariDataSource       : HikariPool-1 - Shutdown completed.
2020-04-03 17:28:14.480  INFO 24204 --- [main] com.example.midterm.MidtermApplication   : Starting MidtermApplication on damir-SATELLITE-M840-C1G with PID 24204 (/home/damir/Downloads/midterm/out/production/classes started by damir in /home/damir/Downloads/midterm)
2020-04-03 17:28:14.487  INFO 24204 --- [main] com.example.midterm.MidtermApplication   : No active profile set, falling back to default profiles: default
2020-04-03 17:28:15.775  INFO 24204 --- [main] .s.d.r.c.RepositoryConfigurationDelegate : Bootstrapping Spring Data JPA repositories in DEFAULT mode.
2020-04-03 17:28:15.872  INFO 24204 --- [main] .s.d.r.c.RepositoryConfigurationDelegate : Finished Spring Data repository scanning in 83ms. Found 1 JPA repository interfaces.
2020-04-03 17:28:16.896  INFO 24204 --- [main] o.s.b.w.embedded.tomcat.TomcatWebServer  : Tomcat initialized with port(s): 8080 (http)
2020-04-03 17:28:16.915  INFO 24204 --- [main] o.apache.catalina.core.StandardService   : Starting service [Tomcat]
2020-04-03 17:28:16.916  INFO 24204 --- [main] org.apache.catalina.core.StandardEngine  : Starting Servlet engine: [Apache Tomcat/9.0.33]
2020-04-03 17:28:17.166  INFO 24204 --- [main] o.a.c.c.C.[Tomcat].[localhost].[/]       : Initializing Spring embedded WebApplicationContext
2020-04-03 17:28:17.167  INFO 24204 --- [main] o.s.web.context.ContextLoader            : Root WebApplicationContext: initialization completed in 2470 ms
2020-04-03 17:28:17.407  INFO 24204 --- [main] o.hibernate.jpa.internal.util.LogHelper  : HHH000204: Processing PersistenceUnitInfo [name: default]
2020-04-03 17:28:17.479  INFO 24204 --- [main] org.hibernate.Version                    : HHH000412: Hibernate ORM core version 5.4.12.Final
2020-04-03 17:28:17.625  INFO 24204 --- [main] o.hibernate.annotations.common.Version   : HCANN000001: Hibernate Commons Annotations {5.1.0.Final}
2020-04-03 17:28:17.790  INFO 24204 --- [main] com.zaxxer.hikari.HikariDataSource       : HikariPool-1 - Starting...
2020-04-03 17:28:18.737  INFO 24204 --- [main] com.zaxxer.hikari.HikariDataSource       : HikariPool-1 - Start completed.
2020-04-03 17:28:18.764  INFO 24204 --- [main] org.hibernate.dialect.Dialect            : HHH000400: Using dialect: org.hibernate.dialect.MySQL57Dialect
2020-04-03 17:28:19.621  INFO 24204 --- [main] o.h.e.t.j.p.i.JtaPlatformInitiator       : HHH000490: Using JtaPlatform implementation: [org.hibernate.engine.transaction.jta.platform.internal.NoJtaPlatform]
2020-04-03 17:28:19.630  INFO 24204 --- [main] j.LocalContainerEntityManagerFactoryBean : Initialized JPA EntityManagerFactory for persistence unit 'default'
2020-04-03 17:28:20.108  WARN 24204 --- [main] JpaBaseConfiguration$JpaWebConfiguration : spring.jpa.open-in-view is enabled by default. Therefore, database queries may be performed during view rendering. Explicitly configure spring.jpa.open-in-view to disable this warning
2020-04-03 17:28:20.303  INFO 24204 --- [main] o.s.s.concurrent.ThreadPoolTaskExecutor  : Initializing ExecutorService 'applicationTaskExecutor'
2020-04-03 17:28:20.629  INFO 24204 --- [main] o.s.b.w.embedded.tomcat.TomcatWebServer  : Tomcat started on port(s): 8080 (http) with context path ''
2020-04-03 17:28:20.634  INFO 24204 --- [main] com.example.midterm.MidtermApplication   : Started MidtermApplication in 7.526 seconds (JVM running for 8.514)
2020-04-03 17:28:22.859  INFO 24204 --- [http-nio-8080-exec-1] o.a.c.c.C.[Tomcat].[localhost].[/]       : Initializing Spring DispatcherServlet 'dispatcherServlet'
2020-04-03 17:28:22.860  INFO 24204 --- [http-nio-8080-exec-1] o.s.web.servlet.DispatcherServlet        : Initializing Servlet 'dispatcherServlet'
2020-04-03 17:28:22.871  INFO 24204 --- [http-nio-8080-exec-1] o.s.web.servlet.DispatcherServlet        : Completed initialization in 10 ms
2020-04-03 17:29:31.266  INFO 24204 --- [SpringContextShutdownHook] o.s.s.concurrent.ThreadPoolTaskExecutor  : Shutting down ExecutorService 'applicationTaskExecutor'
2020-04-03 17:29:31.267  INFO 24204 --- [SpringContextShutdownHook] j.LocalContainerEntityManagerFactoryBean : Closing JPA EntityManagerFactory for persistence unit 'default'
2020-04-03 17:29:31.271  INFO 24204 --- [SpringContextShutdownHook] com.zaxxer.hikari.HikariDataSource       : HikariPool-1 - Shutdown initiated...
2020-04-03 17:29:31.300  INFO 24204 --- [SpringContextShutdownHook] com.zaxxer.hikari.HikariDataSource       : HikariPool-1 - Shutdown completed.
2020-04-03 17:29:35.841  INFO 24317 --- [main] com.example.midterm.MidtermApplication   : Starting MidtermApplication on damir-SATELLITE-M840-C1G with PID 24317 (/home/damir/Downloads/midterm/out/production/classes started by damir in /home/damir/Downloads/midterm)
2020-04-03 17:29:35.848  INFO 24317 --- [main] com.example.midterm.MidtermApplication   : No active profile set, falling back to default profiles: default
2020-04-03 17:29:37.362  INFO 24317 --- [main] .s.d.r.c.RepositoryConfigurationDelegate : Bootstrapping Spring Data JPA repositories in DEFAULT mode.
2020-04-03 17:29:37.448  INFO 24317 --- [main] .s.d.r.c.RepositoryConfigurationDelegate : Finished Spring Data repository scanning in 74ms. Found 1 JPA repository interfaces.
2020-04-03 17:29:38.324  INFO 24317 --- [main] o.s.b.w.embedded.tomcat.TomcatWebServer  : Tomcat initialized with port(s): 8080 (http)
2020-04-03 17:29:38.342  INFO 24317 --- [main] o.apache.catalina.core.StandardService   : Starting service [Tomcat]
2020-04-03 17:29:38.342  INFO 24317 --- [main] org.apache.catalina.core.StandardEngine  : Starting Servlet engine: [Apache Tomcat/9.0.33]
2020-04-03 17:29:38.492  INFO 24317 --- [main] o.a.c.c.C.[Tomcat].[localhost].[/]       : Initializing Spring embedded WebApplicationContext
2020-04-03 17:29:38.493  INFO 24317 --- [main] o.s.web.context.ContextLoader            : Root WebApplicationContext: initialization completed in 2503 ms
2020-04-03 17:29:38.767  INFO 24317 --- [main] o.hibernate.jpa.internal.util.LogHelper  : HHH000204: Processing PersistenceUnitInfo [name: default]
2020-04-03 17:29:38.861  INFO 24317 --- [main] org.hibernate.Version                    : HHH000412: Hibernate ORM core version 5.4.12.Final
2020-04-03 17:29:39.041  INFO 24317 --- [main] o.hibernate.annotations.common.Version   : HCANN000001: Hibernate Commons Annotations {5.1.0.Final}
2020-04-03 17:29:39.200  INFO 24317 --- [main] com.zaxxer.hikari.HikariDataSource       : HikariPool-1 - Starting...
2020-04-03 17:29:39.858  INFO 24317 --- [main] com.zaxxer.hikari.HikariDataSource       : HikariPool-1 - Start completed.
2020-04-03 17:29:39.881  INFO 24317 --- [main] org.hibernate.dialect.Dialect            : HHH000400: Using dialect: org.hibernate.dialect.MySQL57Dialect
2020-04-03 17:29:40.905  INFO 24317 --- [main] o.h.e.t.j.p.i.JtaPlatformInitiator       : HHH000490: Using JtaPlatform implementation: [org.hibernate.engine.transaction.jta.platform.internal.NoJtaPlatform]
2020-04-03 17:29:40.916  INFO 24317 --- [main] j.LocalContainerEntityManagerFactoryBean : Initialized JPA EntityManagerFactory for persistence unit 'default'
2020-04-03 17:29:41.348  WARN 24317 --- [main] JpaBaseConfiguration$JpaWebConfiguration : spring.jpa.open-in-view is enabled by default. Therefore, database queries may be performed during view rendering. Explicitly configure spring.jpa.open-in-view to disable this warning
2020-04-03 17:29:41.539  INFO 24317 --- [main] o.s.s.concurrent.ThreadPoolTaskExecutor  : Initializing ExecutorService 'applicationTaskExecutor'
2020-04-03 17:29:41.885  INFO 24317 --- [main] o.s.b.w.embedded.tomcat.TomcatWebServer  : Tomcat started on port(s): 8080 (http) with context path ''
2020-04-03 17:29:41.888  INFO 24317 --- [main] com.example.midterm.MidtermApplication   : Started MidtermApplication in 7.293 seconds (JVM running for 8.336)
2020-04-03 17:30:43.001  INFO 24317 --- [http-nio-8080-exec-1] o.a.c.c.C.[Tomcat].[localhost].[/]       : Initializing Spring DispatcherServlet 'dispatcherServlet'
2020-04-03 17:30:43.002  INFO 24317 --- [http-nio-8080-exec-1] o.s.web.servlet.DispatcherServlet        : Initializing Servlet 'dispatcherServlet'
2020-04-03 17:30:43.014  INFO 24317 --- [http-nio-8080-exec-1] o.s.web.servlet.DispatcherServlet        : Completed initialization in 12 ms
